

================================================================
== Vivado HLS Report for 'DistCalc'
================================================================
* Date:           Sat Dec 28 12:54:04 2019

* Version:        2017.2 (Build 1909853 on Thu Jun 15 18:55:24 MDT 2017)
* Project:        ROGSAnne_HLS
* Solution:       solution_ROGSAnne
* Product family: zynq
* Target device:  xc7z010clg400-1


================================================================
== Performance Estimates
================================================================
+ Timing (ns): 
    * Summary: 
    +--------+-------+----------+------------+
    |  Clock | Target| Estimated| Uncertainty|
    +--------+-------+----------+------------+
    |ap_clk  |   8.00|      8.35|        1.00|
    +--------+-------+----------+------------+

+ Latency (clock cycles): 
    * Summary: 
    +-----+-----+-----+-----+---------+
    |  Latency  |  Interval | Pipeline|
    | min | max | min | max |   Type  |
    +-----+-----+-----+-----+---------+
    |    0|  144|    1|  145|   none  |
    +-----+-----+-----+-----+---------+

    + Detail: 
        * Instance: 
        +-----------------------------------+-------------------------+-----+-----+-----+-----+---------+
        |                                   |                         |  Latency  |  Interval | Pipeline|
        |              Instance             |          Module         | min | max | min | max |   Type  |
        +-----------------------------------+-------------------------+-----+-----+-----+-----+---------+
        |grp_DistCalc_DistCalcThread_fu_70  |DistCalc_DistCalcThread  |    3|  143|    3|  143|   none  |
        +-----------------------------------+-------------------------+-----+-----+-----+-----+---------+

        * Loop: 
        N/A



================================================================
== Utilization Estimates
================================================================
* Summary: 
+-----------------+---------+-------+-------+-------+
|       Name      | BRAM_18K| DSP48E|   FF  |  LUT  |
+-----------------+---------+-------+-------+-------+
|DSP              |        -|      -|      -|      -|
|Expression       |        -|      -|      -|      -|
|FIFO             |        -|      -|      -|      -|
|Instance         |        -|     19|   7385|   6230|
|Memory           |        -|      -|      -|      -|
|Multiplexer      |        -|      -|      -|      -|
|Register         |        -|      -|     33|      -|
+-----------------+---------+-------+-------+-------+
|Total            |        0|     19|   7418|   6230|
+-----------------+---------+-------+-------+-------+
|Available        |      120|     80|  35200|  17600|
+-----------------+---------+-------+-------+-------+
|Utilization (%)  |        0|     23|     21|     35|
+-----------------+---------+-------+-------+-------+

+ Detail: 
    * Instance: 
    +-----------------------------------+-------------------------+---------+-------+------+------+
    |              Instance             |          Module         | BRAM_18K| DSP48E|  FF  |  LUT |
    +-----------------------------------+-------------------------+---------+-------+------+------+
    |grp_DistCalc_DistCalcThread_fu_70  |DistCalc_DistCalcThread  |        0|     19|  7385|  6230|
    +-----------------------------------+-------------------------+---------+-------+------+------+
    |Total                              |                         |        0|     19|  7385|  6230|
    +-----------------------------------+-------------------------+---------+-------+------+------+

    * DSP48: 
    N/A

    * Memory: 
    N/A

    * FIFO: 
    N/A

    * Expression: 
    N/A

    * Multiplexer: 
    N/A

    * Register: 
    +------------+----+----+-----+-----------+
    |    Name    | FF | LUT| Bits| Const Bits|
    +------------+----+----+-----+-----------+
    |busy        |   1|   0|    1|          0|
    |outputDist  |  32|   0|   32|          0|
    +------------+----+----+-----+-----------+
    |Total       |  33|   0|   33|          0|
    +------------+----+----+-----+-----------+



================================================================
== Interface
================================================================
* Summary: 
+----------------+-----+-----+------------+--------------------+--------------+
|    RTL Ports   | Dir | Bits|  Protocol  |    Source Object   |    C Type    |
+----------------+-----+-----+------------+--------------------+--------------+
|clk             |  in |    1| ap_ctrl_hs | DistCalc::DistCalc | return value |
|reset           |  in |    1| ap_ctrl_hs | DistCalc::DistCalc | return value |
|busy            | out |    1|   ap_vld   |        busy        |    pointer   |
|numberOfPoints  |  in |   32|   ap_none  |   numberOfPoints   |    pointer   |
|ready           |  in |    1|   ap_none  |        ready       |    pointer   |
|x_dout          |  in |   32|   ap_fifo  |          x         |    pointer   |
|x_empty_n       |  in |    1|   ap_fifo  |          x         |    pointer   |
|x_read          | out |    1|   ap_fifo  |          x         |    pointer   |
|y_dout          |  in |   32|   ap_fifo  |          y         |    pointer   |
|y_empty_n       |  in |    1|   ap_fifo  |          y         |    pointer   |
|y_read          | out |    1|   ap_fifo  |          y         |    pointer   |
|outputDist      | out |   32|   ap_vld   |     outputDist     |    pointer   |
+----------------+-----+-----+------------+--------------------+--------------+

